<?xml version="1.0" encoding="UTF-8"?>
<!-- Generated by org.testng.reporters.JUnitReportReporter -->
<testsuite hostname="Akash" failures="0" tests="1" name="automationtest.testcases.SimplifiedStandAloneTest" time="29.524" errors="0" timestamp="2025-05-04T18:43:44 IST" skipped="0">
  <testcase classname="automationtest.testcases.SimplifiedStandAloneTest" name="placeOrderTest" time="29.524"/>
</testsuite> <!-- automationtest.testcases.SimplifiedStandAloneTest -->
